#
# There is insufficient memory for the Java Runtime Environment to continue.
# Native memory allocation (malloc) failed to allocate 1048576 bytes for AllocateHeap
# Possible reasons:
#   The system is out of physical RAM or swap space
#   The process is running with CompressedOops enabled, and the Java Heap may be blocking the growth of the native heap
# Possible solutions:
#   Reduce memory load on the system
#   Increase physical memory or swap space
#   Check if swap backing store is full
#   Decrease Java heap size (-Xmx/-Xms)
#   Decrease number of Java threads
#   Decrease Java thread stack sizes (-Xss)
#   Set larger code cache with -XX:ReservedCodeCacheSize=
#   JVM is running with Zero Based Compressed Oops mode in which the Java heap is
#     placed in the first 32GB address space. The Java Heap base address is the
#     maximum limit for the native heap growth. Please use -XX:HeapBaseMinAddress
#     to set the Java Heap base and to place the Java Heap above 32GB virtual address.
# This output file may be truncated or incomplete.
#
#  Out of Memory Error (memory/allocation.inline.hpp:61), pid=22228, tid=0x0000000000005520
#
# JRE version:  (8.0_301-b09) (build )
# Java VM: Java HotSpot(TM) 64-Bit Server VM (25.301-b09 mixed mode windows-amd64 compressed oops)
# Failed to write core dump. Minidumps are not enabled by default on client versions of Windows
#

---------------  T H R E A D  ---------------

Current thread (0x000001bd423d1000):  JavaThread "Unknown thread" [_thread_in_vm, id=21792, stack(0x0000001a26500000,0x0000001a26600000)]

Stack: [0x0000001a26500000,0x0000001a26600000]
Native frames: (J=compiled Java code, j=interpreted, Vv=VM code, C=native code)
V  [jvm.dll+0x32ed79]
V  [jvm.dll+0x275722]
V  [jvm.dll+0x2763cd]
V  [jvm.dll+0x26ce05]
V  [jvm.dll+0x509d]
V  [jvm.dll+0x3c964d]
V  [jvm.dll+0x3ca3ca]
V  [jvm.dll+0x3c6367]
V  [jvm.dll+0xfcdcf]
V  [jvm.dll+0x20a0bb]
V  [jvm.dll+0x238ae7]
V  [jvm.dll+0x162876]
C  [javaw.exe+0x2322]
C  [javaw.exe+0x16544]
C  [KERNEL32.DLL+0x17034]
C  [ntdll.dll+0x52651]


---------------  P R O C E S S  ---------------

Java Threads: ( => current thread )

Other Threads:

=>0x000001bd423d1000 (exited) JavaThread "Unknown thread" [_thread_in_vm, id=21792, stack(0x0000001a26500000,0x0000001a26600000)]

VM state:not at safepoint (normal execution)

VM Mutex/Monitor currently owned by a thread: None

heap address: 0x00000006c4400000, size: 4028 MB, Compressed Oops mode: Zero based, Oop shift amount: 3
Narrow klass base: 0x0000000000000000, Narrow klass shift: 3
Compressed class space size: 1073741824 Address: 0x00000007c0000000

Heap:
 PSYoungGen      total 75264K, used 1290K [0x000000076c180000, 0x0000000771580000, 0x00000007c0000000)
  eden space 64512K, 2% used [0x000000076c180000,0x000000076c2c2900,0x0000000770080000)
  from space 10752K, 0% used [0x0000000770b00000,0x0000000770b00000,0x0000000771580000)
  to   space 10752K, 0% used [0x0000000770080000,0x0000000770080000,0x0000000770b00000)
 ParOldGen       total 172032K, used 0K [0x00000006c4400000, 0x00000006cec00000, 0x000000076c180000)
  object space 172032K, 0% used [0x00000006c4400000,0x00000006c4400000,0x00000006cec00000)
 Metaspace       used 778K, capacity 4480K, committed 4480K, reserved 1056768K
  class space    used 76K, capacity 384K, committed 384K, reserved 1048576K

Card table byte_map: [0x000001bd53200000,0x000001bd539e0000] byte_map_base: 0x000001bd4fbde000

Marking Bits: (ParMarkBitMap*) 0x000000005b8c7fe0
 Begin Bits: [0x000001bd53f20000, 0x000001bd57e10000)
 End Bits:   [0x000001bd57e10000, 0x000001bd5bd00000)

Polling page: 0x000001bd425c0000

CodeCache: size=245760Kb used=328Kb max_used=328Kb free=245431Kb
 bounds [0x000001bd43e40000, 0x000001bd440b0000, 0x000001bd52e40000]
 total_blobs=58 nmethods=0 adapters=38
 compilation: enabled

Compilation events (0 events):
No events

GC Heap History (0 events):
No events

Deoptimization events (0 events):
No events

Classes redefined (0 events):
No events

Internal exceptions (0 events):
No events

Events (10 events):
Event: 0.021 loading class java/lang/Short
Event: 0.021 loading class java/lang/Short done
Event: 0.021 loading class java/lang/Integer
Event: 0.021 loading class java/lang/Integer done
Event: 0.021 loading class java/lang/Long
Event: 0.021 loading class java/lang/Long done
Event: 0.021 loading class java/lang/NullPointerException
Event: 0.021 loading class java/lang/NullPointerException done
Event: 0.021 loading class java/lang/ArithmeticException
Event: 0.021 loading class java/lang/ArithmeticException done


Dynamic libraries:
0x00007ff7aae00000 - 0x00007ff7aae47000 	C:\Program Files\Java\jdk1.8.0_301\bin\javaw.exe
0x00007fffb1f30000 - 0x00007fffb2128000 	C:\windows\SYSTEM32\ntdll.dll
0x00007fffb0390000 - 0x00007fffb044d000 	C:\windows\System32\KERNEL32.DLL
0x00007fffaf7b0000 - 0x00007fffafa7e000 	C:\windows\System32\KERNELBASE.dll
0x00007fffb01b0000 - 0x00007fffb025e000 	C:\windows\System32\ADVAPI32.dll
0x00007fffb0610000 - 0x00007fffb06ae000 	C:\windows\System32\msvcrt.dll
0x00007fffb1820000 - 0x00007fffb18bc000 	C:\windows\System32\sechost.dll
0x00007fffb18c0000 - 0x00007fffb19e5000 	C:\windows\System32\RPCRT4.dll
0x00007fffb19f0000 - 0x00007fffb1b90000 	C:\windows\System32\USER32.dll
0x00007fffafcf0000 - 0x00007fffafd12000 	C:\windows\System32\win32u.dll
0x00007fffb1570000 - 0x00007fffb159a000 	C:\windows\System32\GDI32.dll
0x00007fffafe80000 - 0x00007fffaff8b000 	C:\windows\System32\gdi32full.dll
0x00007fffaf650000 - 0x00007fffaf6ed000 	C:\windows\System32\msvcp_win.dll
0x00007fffafaf0000 - 0x00007fffafbf0000 	C:\windows\System32\ucrtbase.dll
0x00007fff9f150000 - 0x00007fff9f3ea000 	C:\windows\WinSxS\amd64_microsoft.windows.common-controls_6595b64144ccf1df_6.0.19041.1110_none_60b5254171f9507e\COMCTL32.dll
0x00007fffb0cd0000 - 0x00007fffb0d00000 	C:\windows\System32\IMM32.DLL
0x00007fff951f0000 - 0x00007fff95205000 	C:\Program Files\Java\jdk1.8.0_301\jre\bin\vcruntime140.dll
0x00007fff58fd0000 - 0x00007fff5906b000 	C:\Program Files\Java\jdk1.8.0_301\jre\bin\msvcp140.dll
0x000000005b0e0000 - 0x000000005b940000 	C:\Program Files\Java\jdk1.8.0_301\jre\bin\server\jvm.dll
0x00007fffb15a0000 - 0x00007fffb15a8000 	C:\windows\System32\PSAPI.DLL
0x00007fffa49d0000 - 0x00007fffa49da000 	C:\windows\SYSTEM32\VERSION.dll
0x00007fff95d30000 - 0x00007fff95d39000 	C:\windows\SYSTEM32\WSOCK32.dll
0x00007fffb17b0000 - 0x00007fffb181b000 	C:\windows\System32\WS2_32.dll
0x00007fff84c80000 - 0x00007fff84ca7000 	C:\windows\SYSTEM32\WINMM.dll
0x00007fffadeb0000 - 0x00007fffadec2000 	C:\windows\SYSTEM32\kernel.appcore.dll
0x00007fffa5c40000 - 0x00007fffa5c50000 	C:\Program Files\Java\jdk1.8.0_301\jre\bin\verify.dll
0x00007fff73600000 - 0x00007fff7362b000 	C:\Program Files\Java\jdk1.8.0_301\jre\bin\java.dll
0x00007fff8fb40000 - 0x00007fff8fb58000 	C:\Program Files\Java\jdk1.8.0_301\jre\bin\zip.dll
0x00007fffadbb0000 - 0x00007fffadd94000 	C:\windows\SYSTEM32\dbghelp.dll
0x00007fffaf720000 - 0x00007fffaf7a2000 	C:\windows\System32\bcryptPrimitives.dll

VM Arguments:
jvm_args: -Dfile.encoding=Cp1252 
java_command: com.learn.modulo.FindExcelColumnBase26
java_class_path (initial): C:\Users\pmuthupe\git\DSAlgorithm\Intermediate\LearningDS\bin
Launcher Type: SUN_STANDARD

Environment Variables:
JAVA_HOME=C:\Program Files\Java\jdk1.8.0_301
PATH=C:/Program Files/Java/jre1.8.0_333/bin/server;C:/Program Files/Java/jre1.8.0_333/bin;C:/Program Files/Java/jre1.8.0_333/lib/amd64;C:\Users\pmuthupe\Downloads\V982656-01\bin;C:\Program Files (x86)\Common Files\Oracle\Java\javapath;C:\windows\system32;C:\windows;C:\windows\System32\Wbem;C:\windows\System32\WindowsPowerShell\v1.0\;C:\windows\System32\OpenSSH\;C:\Program Files\PuTTY\;C:\Program Files\TortoiseSVN\bin;C:\Program Files\Git\cmd;C:\Users\pmuthupe\AppData\Local\Microsoft\WindowsApps;;C:\10 JUN\Tools\Eclipse 7.4.2\Eclipse 7.4.0.2-b30\eclipse;
USERNAME=pmuthupe
OS=Windows_NT
PROCESSOR_IDENTIFIER=Intel64 Family 6 Model 140 Stepping 1, GenuineIntel



---------------  S Y S T E M  ---------------

OS: Windows 10.0 , 64 bit Build 19041 (10.0.19041.1806)

CPU:total 8 (initial active 8) (4 cores per cpu, 2 threads per core) family 6 model 140 stepping 1, cmov, cx8, fxsr, mmx, sse, sse2, sse3, ssse3, sse4.1, sse4.2, popcnt, avx, avx2, aes, clmul, erms, 3dnowpref, lzcnt, ht, tsc, tscinvbit, bmi1, bmi2, adx

Memory: 4k page, physical 16492932k(3209144k free), swap 46770216k(6004k free)

vm_info: Java HotSpot(TM) 64-Bit Server VM (25.301-b09) for windows-amd64 JRE (1.8.0_301-b09), built on Jun  9 2021 06:46:21 by "java_re" with MS VC++ 15.9 (VS2017)

time: Wed Aug 17 13:05:36 2022
timezone: India Standard Time
elapsed time: 0.040157 seconds (0d 0h 0m 0s)

